[01-Mar-2022 19:23:57 UTC] PHP Parse error:  syntax error, unexpected end of file in C:\phpscripts\318 Nutrirtion\PHP Functions\Functions.PHP on line 164
[01-Mar-2022 19:26:08 UTC] PHP Parse error:  syntax error, unexpected end of file in C:\phpscripts\318 Nutrirtion\PHP Functions\Functions.PHP on line 164
[01-Mar-2022 19:26:10 UTC] PHP Parse error:  syntax error, unexpected end of file in C:\phpscripts\318 Nutrirtion\PHP Functions\Functions.PHP on line 164
[01-Mar-2022 19:28:18 UTC] PHP Parse error:  syntax error, unexpected end of file in C:\phpscripts\318 Nutrirtion\PHP Functions\Functions.PHP on line 165
[01-Mar-2022 19:28:45 UTC] PHP Parse error:  syntax error, unexpected end of file in C:\phpscripts\318 Nutrirtion\PHP Functions\Functions.PHP on line 164
[01-Mar-2022 19:30:39 UTC] PHP Notice:  Undefined index: loggedIn in C:\phpscripts\318 Nutrirtion\PHP Functions\Functions.PHP on line 39
[01-Mar-2022 19:31:21 UTC] PHP Notice:  Undefined index: loggedIn in C:\phpscripts\318 Nutrirtion\PHP Functions\Functions.PHP on line 39
[01-Mar-2022 19:31:35 UTC] PHP Notice:  Undefined index: loggedIn in C:\phpscripts\318 Nutrirtion\PHP Functions\Functions.PHP on line 39
[01-Mar-2022 19:31:35 UTC] PHP Notice:  Undefined index: loggedIn in C:\phpscripts\318 Nutrirtion\PHP Functions\Functions.PHP on line 16
[01-Mar-2022 19:31:44 UTC] PHP Notice:  Undefined index: loggedIn in C:\phpscripts\318 Nutrirtion\PHP Functions\Functions.PHP on line 39
[01-Mar-2022 19:32:08 UTC] PHP Notice:  Undefined index: loggedIn in C:\phpscripts\318 Nutrirtion\PHP Functions\Functions.PHP on line 39
[01-Mar-2022 19:32:21 UTC] PHP Notice:  Undefined index: loggedIn in C:\phpscripts\318 Nutrirtion\PHP Functions\Functions.PHP on line 39
[01-Mar-2022 19:32:21 UTC] PHP Notice:  Undefined index: loggedIn in C:\phpscripts\318 Nutrirtion\PHP Functions\Functions.PHP on line 16
[01-Mar-2022 19:32:21 UTC] PHP Notice:  Undefined index: loggedIn in C:\phpscripts\318 Nutrirtion\PHP Functions\Functions.PHP on line 39
[01-Mar-2022 19:32:26 UTC] PHP Notice:  Undefined index: loggedIn in C:\phpscripts\318 Nutrirtion\PHP Functions\Functions.PHP on line 39
[01-Mar-2022 21:52:30 UTC] PHP Notice:  Undefined index: loggedIn in C:\phpscripts\318 Nutrirtion\PHP Functions\Functions.PHP on line 16
[01-Mar-2022 21:52:30 UTC] PHP Fatal error:  Uncaught ArgumentCountError: Too few arguments to function FormEnd(), 0 passed in C:\phpscripts\318 Nutrirtion\PHP Scripts\Login.php on line 6 and exactly 2 expected in C:\phpscripts\318 Nutrirtion\PHP Functions\Functions.PHP:28
Stack trace:
#0 C:\phpscripts\318 Nutrirtion\PHP Scripts\Login.php(6): FormEnd()
#1 {main}
  thrown in C:\phpscripts\318 Nutrirtion\PHP Functions\Functions.PHP on line 28
[01-Mar-2022 21:53:02 UTC] PHP Notice:  Undefined index: loggedIn in C:\phpscripts\318 Nutrirtion\PHP Functions\Functions.PHP on line 16
[01-Mar-2022 22:31:00 UTC] PHP Parse error:  syntax error, unexpected '}', expecting end of file in C:\phpscripts\318 Nutrirtion\PHP Functions\Functions.PHP on line 39
[01-Mar-2022 22:31:22 UTC] PHP Notice:  Undefined variable: action in C:\phpscripts\318 Nutrirtion\PHP Functions\Functions.PHP on line 41
[01-Mar-2022 22:31:22 UTC] PHP Notice:  Undefined variable: value in C:\phpscripts\318 Nutrirtion\PHP Functions\Functions.PHP on line 41
[01-Mar-2022 23:57:45 UTC] PHP Notice:  Undefined index: Fname in C:\phpscripts\318 Nutrirtion\PHP Scripts\Add User Page.php on line 6
[01-Mar-2022 23:57:45 UTC] PHP Notice:  Undefined index: Lname in C:\phpscripts\318 Nutrirtion\PHP Scripts\Add User Page.php on line 7
[01-Mar-2022 23:57:45 UTC] PHP Notice:  Undefined index: Phone in C:\phpscripts\318 Nutrirtion\PHP Scripts\Add User Page.php on line 8
[01-Mar-2022 23:57:45 UTC] PHP Notice:  Undefined index: Email in C:\phpscripts\318 Nutrirtion\PHP Scripts\Add User Page.php on line 9
[01-Mar-2022 23:57:45 UTC] PHP Notice:  Undefined index: Password in C:\phpscripts\318 Nutrirtion\PHP Scripts\Add User Page.php on line 10
[01-Mar-2022 23:58:50 UTC] PHP Notice:  Undefined index: Fname in C:\phpscripts\318 Nutrirtion\PHP Scripts\Add User Page.php on line 6
[01-Mar-2022 23:58:50 UTC] PHP Notice:  Undefined index: Lname in C:\phpscripts\318 Nutrirtion\PHP Scripts\Add User Page.php on line 7
[01-Mar-2022 23:58:50 UTC] PHP Notice:  Undefined index: Phone in C:\phpscripts\318 Nutrirtion\PHP Scripts\Add User Page.php on line 8
[01-Mar-2022 23:58:50 UTC] PHP Notice:  Undefined index: Email in C:\phpscripts\318 Nutrirtion\PHP Scripts\Add User Page.php on line 9
[01-Mar-2022 23:58:50 UTC] PHP Notice:  Undefined index: Password in C:\phpscripts\318 Nutrirtion\PHP Scripts\Add User Page.php on line 10
[02-Mar-2022 00:02:16 UTC] PHP Parse error:  syntax error, unexpected 'FormInput' (T_STRING) in C:\phpscripts\318 Nutrirtion\PHP Scripts\Add User.php on line 6
[02-Mar-2022 00:02:31 UTC] PHP Parse error:  syntax error, unexpected 'FormInput' (T_STRING) in C:\phpscripts\318 Nutrirtion\PHP Scripts\Add User.php on line 6
[02-Mar-2022 00:18:47 UTC] PHP Notice:  Undefined variable: first_name in C:\phpscripts\318 Nutrirtion\PHP Scripts\Add User Page.php on line 23
[02-Mar-2022 00:18:47 UTC] PHP Notice:  Undefined variable: last_name in C:\phpscripts\318 Nutrirtion\PHP Scripts\Add User Page.php on line 23
[02-Mar-2022 00:18:47 UTC] PHP Notice:  Undefined variable: gender in C:\phpscripts\318 Nutrirtion\PHP Scripts\Add User Page.php on line 24
[02-Mar-2022 00:18:47 UTC] PHP Notice:  Undefined variable: address in C:\phpscripts\318 Nutrirtion\PHP Scripts\Add User Page.php on line 24
[02-Mar-2022 00:18:47 UTC] PHP Notice:  Undefined variable: email in C:\phpscripts\318 Nutrirtion\PHP Scripts\Add User Page.php on line 24
[02-Mar-2022 00:20:52 UTC] PHP Notice:  Undefined index: loggedIn in C:\phpscripts\318 Nutrirtion\PHP Functions\Functions.PHP on line 16
[02-Mar-2022 00:22:13 UTC] PHP Notice:  Undefined index: Name in C:\phpscripts\318 Nutrirtion\PHP Scripts\Login Confirm.php on line 10
[02-Mar-2022 00:23:24 UTC] PHP Notice:  Undefined index: id in C:\phpscripts\318 Nutrirtion\PHP Scripts\Login Confirm.php on line 14
[02-Mar-2022 01:36:48 UTC] PHP Notice:  Undefined index: Employee in C:\phpscripts\318 Nutrirtion\PHP Functions\Functions.PHP on line 23
[02-Mar-2022 01:38:31 UTC] PHP Notice:  Undefined index: Employee in C:\phpscripts\318 Nutrirtion\PHP Functions\Functions.PHP on line 23
[02-Mar-2022 01:41:02 UTC] PHP Notice:  Undefined index: Employee in C:\phpscripts\318 Nutrirtion\PHP Functions\Functions.PHP on line 23
[02-Mar-2022 01:43:26 UTC] PHP Notice:  Undefined index: Employee in C:\phpscripts\318 Nutrirtion\PHP Scripts\Restricted Page.php on line 4
[02-Mar-2022 01:44:29 UTC] PHP Notice:  Undefined index: Email in C:\phpscripts\318 Nutrirtion\PHP Scripts\Login Confirm.php on line 3
[02-Mar-2022 01:44:29 UTC] PHP Notice:  Undefined index: Password in C:\phpscripts\318 Nutrirtion\PHP Scripts\Login Confirm.php on line 4
[02-Mar-2022 01:45:30 UTC] PHP Notice:  Undefined index: Email in C:\phpscripts\318 Nutrirtion\PHP Scripts\Login Confirm.php on line 3
[02-Mar-2022 01:45:30 UTC] PHP Notice:  Undefined index: Password in C:\phpscripts\318 Nutrirtion\PHP Scripts\Login Confirm.php on line 4
[02-Mar-2022 01:47:46 UTC] PHP Notice:  Undefined index: Email in C:\phpscripts\318 Nutrirtion\PHP Scripts\Login Confirm.php on line 3
[02-Mar-2022 01:47:46 UTC] PHP Notice:  Undefined index: Password in C:\phpscripts\318 Nutrirtion\PHP Scripts\Login Confirm.php on line 4
[02-Mar-2022 01:49:19 UTC] PHP Notice:  Undefined index: Email in C:\phpscripts\318 Nutrirtion\PHP Scripts\Login Confirm.php on line 3
[02-Mar-2022 01:49:19 UTC] PHP Notice:  Undefined index: Password in C:\phpscripts\318 Nutrirtion\PHP Scripts\Login Confirm.php on line 4
[02-Mar-2022 01:51:13 UTC] PHP Notice:  Undefined index: Email in C:\phpscripts\318 Nutrirtion\PHP Scripts\Login Confirm.php on line 3
[02-Mar-2022 01:51:13 UTC] PHP Notice:  Undefined index: Password in C:\phpscripts\318 Nutrirtion\PHP Scripts\Login Confirm.php on line 4
[02-Mar-2022 02:04:13 UTC] PHP Parse error:  syntax error, unexpected '}' in C:\phpscripts\318 Nutrirtion\PHP Scripts\Login Confirm.php on line 28
[02-Mar-2022 02:04:39 UTC] PHP Parse error:  syntax error, unexpected '}' in C:\phpscripts\318 Nutrirtion\PHP Scripts\Login Confirm.php on line 28
[02-Mar-2022 02:08:05 UTC] PHP Warning:  session_destroy(): Trying to destroy uninitialized session in C:\phpscripts\318 Nutrirtion\PHP Scripts\Sign Out.php on line 3
[02-Mar-2022 02:09:08 UTC] PHP Warning:  session_destroy(): Trying to destroy uninitialized session in C:\phpscripts\318 Nutrirtion\PHP Scripts\Sign Out.php on line 3
[02-Mar-2022 02:09:27 UTC] PHP Warning:  session_destroy(): Trying to destroy uninitialized session in C:\phpscripts\318 Nutrirtion\PHP Scripts\Sign Out.php on line 3
[02-Mar-2022 02:09:27 UTC] PHP Warning:  session_destroy(): Trying to destroy uninitialized session in C:\phpscripts\318 Nutrirtion\PHP Scripts\Sign Out.php on line 3
[02-Mar-2022 02:09:28 UTC] PHP Warning:  session_destroy(): Trying to destroy uninitialized session in C:\phpscripts\318 Nutrirtion\PHP Scripts\Sign Out.php on line 3
[02-Mar-2022 02:11:41 UTC] PHP Notice:  Undefined index: loggedIn in C:\phpscripts\318 Nutrirtion\PHP Functions\Functions.PHP on line 16
[02-Mar-2022 02:23:03 UTC] PHP Parse error:  syntax error, unexpected 'SecondNavigation' (T_STRING) in C:\phpscripts\318 Nutrirtion\PHP Scripts\Customers.php on line 7
[02-Mar-2022 02:43:15 UTC] PHP Notice:  Undefined index: Fname in C:\phpscripts\318 Nutrirtion\PHP Scripts\Account Details.php on line 12
[02-Mar-2022 02:43:15 UTC] PHP Notice:  Undefined index: Lname in C:\phpscripts\318 Nutrirtion\PHP Scripts\Account Details.php on line 13
[02-Mar-2022 02:43:15 UTC] PHP Notice:  Undefined index: Phone in C:\phpscripts\318 Nutrirtion\PHP Scripts\Account Details.php on line 14
[02-Mar-2022 02:43:56 UTC] PHP Notice:  Undefined index: loggedIn in C:\phpscripts\318 Nutrirtion\PHP Functions\Functions.PHP on line 16
[02-Mar-2022 02:44:15 UTC] PHP Notice:  Undefined index: Fname in C:\phpscripts\318 Nutrirtion\PHP Scripts\Account Details.php on line 12
[02-Mar-2022 02:44:15 UTC] PHP Notice:  Undefined index: Lname in C:\phpscripts\318 Nutrirtion\PHP Scripts\Account Details.php on line 13
[02-Mar-2022 02:45:20 UTC] PHP Notice:  Undefined index: Fname in C:\phpscripts\318 Nutrirtion\PHP Scripts\Account Details.php on line 12
[02-Mar-2022 02:45:20 UTC] PHP Notice:  Undefined index: Lname in C:\phpscripts\318 Nutrirtion\PHP Scripts\Account Details.php on line 13
[02-Mar-2022 02:45:23 UTC] PHP Notice:  Undefined index: loggedIn in C:\phpscripts\318 Nutrirtion\PHP Functions\Functions.PHP on line 16
[02-Mar-2022 02:50:53 UTC] PHP Notice:  Undefined index: id in C:\phpscripts\318 Nutrirtion\PHP Scripts\Manage Users.php on line 21
[02-Mar-2022 02:50:53 UTC] PHP Notice:  Undefined index: Name in C:\phpscripts\318 Nutrirtion\PHP Scripts\Manage Users.php on line 24
[02-Mar-2022 02:50:53 UTC] PHP Notice:  Undefined index: id in C:\phpscripts\318 Nutrirtion\PHP Scripts\Manage Users.php on line 21
[02-Mar-2022 02:50:53 UTC] PHP Notice:  Undefined index: Name in C:\phpscripts\318 Nutrirtion\PHP Scripts\Manage Users.php on line 24
[02-Mar-2022 02:52:05 UTC] PHP Notice:  Undefined variable: id in C:\phpscripts\318 Nutrirtion\PHP Scripts\Manage Users.php on line 25
[02-Mar-2022 02:52:05 UTC] PHP Notice:  Undefined variable: id in C:\phpscripts\318 Nutrirtion\PHP Scripts\Manage Users.php on line 26
[02-Mar-2022 02:52:05 UTC] PHP Notice:  Undefined variable: id in C:\phpscripts\318 Nutrirtion\PHP Scripts\Manage Users.php on line 25
[02-Mar-2022 02:52:05 UTC] PHP Notice:  Undefined variable: id in C:\phpscripts\318 Nutrirtion\PHP Scripts\Manage Users.php on line 26
[02-Mar-2022 03:25:01 UTC] PHP Warning:  require(PHP Functions.php): failed to open stream: No such file or directory in C:\phpscripts\318 Nutrirtion\PHP Scripts\Update.php on line 2
[02-Mar-2022 03:25:01 UTC] PHP Fatal error:  require(): Failed opening required 'PHP Functions.php' (include_path='.;C:\php\pear') in C:\phpscripts\318 Nutrirtion\PHP Scripts\Update.php on line 2
[02-Mar-2022 03:25:53 UTC] PHP Notice:  Undefined variable: REQUEST in C:\phpscripts\318 Nutrirtion\PHP Scripts\Update.php on line 28
[02-Mar-2022 03:25:53 UTC] PHP Notice:  Trying to access array offset on value of type null in C:\phpscripts\318 Nutrirtion\PHP Scripts\Update.php on line 28
[02-Mar-2022 03:25:53 UTC] PHP Notice:  Undefined variable: REQUEST in C:\phpscripts\318 Nutrirtion\PHP Scripts\Update.php on line 29
[02-Mar-2022 03:25:53 UTC] PHP Notice:  Trying to access array offset on value of type null in C:\phpscripts\318 Nutrirtion\PHP Scripts\Update.php on line 29
[02-Mar-2022 03:25:53 UTC] PHP Notice:  Undefined variable: REQUEST in C:\phpscripts\318 Nutrirtion\PHP Scripts\Update.php on line 30
[02-Mar-2022 03:25:53 UTC] PHP Notice:  Trying to access array offset on value of type null in C:\phpscripts\318 Nutrirtion\PHP Scripts\Update.php on line 30
[02-Mar-2022 03:25:53 UTC] PHP Notice:  Undefined variable: REQUEST in C:\phpscripts\318 Nutrirtion\PHP Scripts\Update.php on line 31
[02-Mar-2022 03:25:53 UTC] PHP Notice:  Trying to access array offset on value of type null in C:\phpscripts\318 Nutrirtion\PHP Scripts\Update.php on line 31
[02-Mar-2022 03:25:53 UTC] PHP Notice:  Undefined variable: REQUEST in C:\phpscripts\318 Nutrirtion\PHP Scripts\Update.php on line 32
[02-Mar-2022 03:25:53 UTC] PHP Notice:  Trying to access array offset on value of type null in C:\phpscripts\318 Nutrirtion\PHP Scripts\Update.php on line 32
[02-Mar-2022 03:25:53 UTC] PHP Notice:  Undefined variable: REQUEST in C:\phpscripts\318 Nutrirtion\PHP Scripts\Update.php on line 33
[02-Mar-2022 03:25:53 UTC] PHP Notice:  Trying to access array offset on value of type null in C:\phpscripts\318 Nutrirtion\PHP Scripts\Update.php on line 33
[02-Mar-2022 03:27:37 UTC] PHP Notice:  Undefined variable: REQUEST in C:\phpscripts\318 Nutrirtion\PHP Scripts\Update.php on line 28
[02-Mar-2022 03:27:37 UTC] PHP Notice:  Trying to access array offset on value of type null in C:\phpscripts\318 Nutrirtion\PHP Scripts\Update.php on line 28
[02-Mar-2022 03:27:37 UTC] PHP Notice:  Undefined variable: REQUEST in C:\phpscripts\318 Nutrirtion\PHP Scripts\Update.php on line 29
[02-Mar-2022 03:27:37 UTC] PHP Notice:  Trying to access array offset on value of type null in C:\phpscripts\318 Nutrirtion\PHP Scripts\Update.php on line 29
[02-Mar-2022 03:27:37 UTC] PHP Notice:  Undefined variable: REQUEST in C:\phpscripts\318 Nutrirtion\PHP Scripts\Update.php on line 30
[02-Mar-2022 03:27:37 UTC] PHP Notice:  Trying to access array offset on value of type null in C:\phpscripts\318 Nutrirtion\PHP Scripts\Update.php on line 30
[02-Mar-2022 03:27:37 UTC] PHP Notice:  Undefined variable: REQUEST in C:\phpscripts\318 Nutrirtion\PHP Scripts\Update.php on line 31
[02-Mar-2022 03:27:37 UTC] PHP Notice:  Trying to access array offset on value of type null in C:\phpscripts\318 Nutrirtion\PHP Scripts\Update.php on line 31
[02-Mar-2022 03:27:37 UTC] PHP Notice:  Undefined variable: REQUEST in C:\phpscripts\318 Nutrirtion\PHP Scripts\Update.php on line 32
[02-Mar-2022 03:27:37 UTC] PHP Notice:  Trying to access array offset on value of type null in C:\phpscripts\318 Nutrirtion\PHP Scripts\Update.php on line 32
[02-Mar-2022 03:27:37 UTC] PHP Notice:  Undefined variable: REQUEST in C:\phpscripts\318 Nutrirtion\PHP Scripts\Update.php on line 33
[02-Mar-2022 03:27:37 UTC] PHP Notice:  Trying to access array offset on value of type null in C:\phpscripts\318 Nutrirtion\PHP Scripts\Update.php on line 33
[02-Mar-2022 03:28:48 UTC] PHP Notice:  Undefined variable: REQUEST in C:\phpscripts\318 Nutrirtion\PHP Scripts\Update.php on line 28
[02-Mar-2022 03:28:48 UTC] PHP Notice:  Trying to access array offset on value of type null in C:\phpscripts\318 Nutrirtion\PHP Scripts\Update.php on line 28
[02-Mar-2022 03:28:48 UTC] PHP Notice:  Undefined variable: REQUEST in C:\phpscripts\318 Nutrirtion\PHP Scripts\Update.php on line 29
[02-Mar-2022 03:28:48 UTC] PHP Notice:  Trying to access array offset on value of type null in C:\phpscripts\318 Nutrirtion\PHP Scripts\Update.php on line 29
[02-Mar-2022 03:28:48 UTC] PHP Notice:  Undefined variable: REQUEST in C:\phpscripts\318 Nutrirtion\PHP Scripts\Update.php on line 30
[02-Mar-2022 03:28:48 UTC] PHP Notice:  Trying to access array offset on value of type null in C:\phpscripts\318 Nutrirtion\PHP Scripts\Update.php on line 30
[02-Mar-2022 03:28:48 UTC] PHP Notice:  Undefined variable: REQUEST in C:\phpscripts\318 Nutrirtion\PHP Scripts\Update.php on line 31
[02-Mar-2022 03:28:48 UTC] PHP Notice:  Trying to access array offset on value of type null in C:\phpscripts\318 Nutrirtion\PHP Scripts\Update.php on line 31
[02-Mar-2022 03:28:48 UTC] PHP Notice:  Undefined variable: REQUEST in C:\phpscripts\318 Nutrirtion\PHP Scripts\Update.php on line 32
[02-Mar-2022 03:28:48 UTC] PHP Notice:  Trying to access array offset on value of type null in C:\phpscripts\318 Nutrirtion\PHP Scripts\Update.php on line 32
[02-Mar-2022 03:28:48 UTC] PHP Notice:  Undefined variable: REQUEST in C:\phpscripts\318 Nutrirtion\PHP Scripts\Update.php on line 33
[02-Mar-2022 03:28:48 UTC] PHP Notice:  Trying to access array offset on value of type null in C:\phpscripts\318 Nutrirtion\PHP Scripts\Update.php on line 33
[02-Mar-2022 03:29:14 UTC] PHP Notice:  Undefined variable: Employee in C:\phpscripts\318 Nutrirtion\PHP Scripts\Update.php on line 28
[02-Mar-2022 03:29:14 UTC] PHP Notice:  Undefined variable: REQUEST in C:\phpscripts\318 Nutrirtion\PHP Scripts\Update.php on line 29
[02-Mar-2022 03:29:14 UTC] PHP Notice:  Trying to access array offset on value of type null in C:\phpscripts\318 Nutrirtion\PHP Scripts\Update.php on line 29
[02-Mar-2022 03:29:14 UTC] PHP Notice:  Undefined variable: REQUEST in C:\phpscripts\318 Nutrirtion\PHP Scripts\Update.php on line 30
[02-Mar-2022 03:29:14 UTC] PHP Notice:  Trying to access array offset on value of type null in C:\phpscripts\318 Nutrirtion\PHP Scripts\Update.php on line 30
[02-Mar-2022 03:29:14 UTC] PHP Notice:  Undefined variable: REQUEST in C:\phpscripts\318 Nutrirtion\PHP Scripts\Update.php on line 31
[02-Mar-2022 03:29:14 UTC] PHP Notice:  Trying to access array offset on value of type null in C:\phpscripts\318 Nutrirtion\PHP Scripts\Update.php on line 31
[02-Mar-2022 03:29:14 UTC] PHP Notice:  Undefined variable: REQUEST in C:\phpscripts\318 Nutrirtion\PHP Scripts\Update.php on line 32
[02-Mar-2022 03:29:14 UTC] PHP Notice:  Trying to access array offset on value of type null in C:\phpscripts\318 Nutrirtion\PHP Scripts\Update.php on line 32
[02-Mar-2022 03:29:14 UTC] PHP Notice:  Undefined variable: REQUEST in C:\phpscripts\318 Nutrirtion\PHP Scripts\Update.php on line 33
[02-Mar-2022 03:29:14 UTC] PHP Notice:  Trying to access array offset on value of type null in C:\phpscripts\318 Nutrirtion\PHP Scripts\Update.php on line 33
[02-Mar-2022 03:30:16 UTC] PHP Notice:  Undefined index: Employee in C:\phpscripts\318 Nutrirtion\PHP Scripts\Update.php on line 28
[02-Mar-2022 03:30:16 UTC] PHP Notice:  Undefined index: Fname in C:\phpscripts\318 Nutrirtion\PHP Scripts\Update.php on line 29
[02-Mar-2022 03:30:16 UTC] PHP Notice:  Undefined variable: REQUEST in C:\phpscripts\318 Nutrirtion\PHP Scripts\Update.php on line 30
[02-Mar-2022 03:30:16 UTC] PHP Notice:  Trying to access array offset on value of type null in C:\phpscripts\318 Nutrirtion\PHP Scripts\Update.php on line 30
[02-Mar-2022 03:30:16 UTC] PHP Notice:  Undefined variable: REQUEST in C:\phpscripts\318 Nutrirtion\PHP Scripts\Update.php on line 31
[02-Mar-2022 03:30:16 UTC] PHP Notice:  Trying to access array offset on value of type null in C:\phpscripts\318 Nutrirtion\PHP Scripts\Update.php on line 31
[02-Mar-2022 03:30:16 UTC] PHP Notice:  Undefined variable: REQUEST in C:\phpscripts\318 Nutrirtion\PHP Scripts\Update.php on line 32
[02-Mar-2022 03:30:16 UTC] PHP Notice:  Trying to access array offset on value of type null in C:\phpscripts\318 Nutrirtion\PHP Scripts\Update.php on line 32
[02-Mar-2022 03:30:16 UTC] PHP Notice:  Undefined variable: REQUEST in C:\phpscripts\318 Nutrirtion\PHP Scripts\Update.php on line 33
[02-Mar-2022 03:30:16 UTC] PHP Notice:  Trying to access array offset on value of type null in C:\phpscripts\318 Nutrirtion\PHP Scripts\Update.php on line 33
[02-Mar-2022 03:30:43 UTC] PHP Notice:  Undefined index: Employee in C:\phpscripts\318 Nutrirtion\PHP Scripts\Update.php on line 28
[02-Mar-2022 03:30:43 UTC] PHP Notice:  Undefined index: Fname in C:\phpscripts\318 Nutrirtion\PHP Scripts\Update.php on line 29
[02-Mar-2022 03:30:43 UTC] PHP Notice:  Undefined variable: REQUEST in C:\phpscripts\318 Nutrirtion\PHP Scripts\Update.php on line 30
[02-Mar-2022 03:30:43 UTC] PHP Notice:  Trying to access array offset on value of type null in C:\phpscripts\318 Nutrirtion\PHP Scripts\Update.php on line 30
[02-Mar-2022 03:30:43 UTC] PHP Notice:  Undefined index: Phone in C:\phpscripts\318 Nutrirtion\PHP Scripts\Update.php on line 31
[02-Mar-2022 03:30:43 UTC] PHP Notice:  Undefined index: Email in C:\phpscripts\318 Nutrirtion\PHP Scripts\Update.php on line 32
[02-Mar-2022 03:30:43 UTC] PHP Notice:  Undefined index: Password in C:\phpscripts\318 Nutrirtion\PHP Scripts\Update.php on line 33
[02-Mar-2022 03:32:35 UTC] PHP Notice:  Undefined index: Employee in C:\phpscripts\318 Nutrirtion\PHP Scripts\Update.php on line 28
[02-Mar-2022 03:32:35 UTC] PHP Notice:  Undefined index: Fname in C:\phpscripts\318 Nutrirtion\PHP Scripts\Update.php on line 29
[02-Mar-2022 03:32:35 UTC] PHP Notice:  Undefined index: Lname in C:\phpscripts\318 Nutrirtion\PHP Scripts\Update.php on line 30
[02-Mar-2022 03:32:35 UTC] PHP Notice:  Undefined index: Phone in C:\phpscripts\318 Nutrirtion\PHP Scripts\Update.php on line 31
[02-Mar-2022 03:32:35 UTC] PHP Notice:  Undefined index: Email in C:\phpscripts\318 Nutrirtion\PHP Scripts\Update.php on line 32
[02-Mar-2022 03:32:35 UTC] PHP Notice:  Undefined index: Password in C:\phpscripts\318 Nutrirtion\PHP Scripts\Update.php on line 33
[02-Mar-2022 03:33:10 UTC] PHP Notice:  Undefined variable: Employee in C:\phpscripts\318 Nutrirtion\PHP Scripts\Update.php on line 28
[02-Mar-2022 03:33:10 UTC] PHP Notice:  Undefined variable: Fname in C:\phpscripts\318 Nutrirtion\PHP Scripts\Update.php on line 29
[02-Mar-2022 03:33:10 UTC] PHP Notice:  Undefined variable: Lname in C:\phpscripts\318 Nutrirtion\PHP Scripts\Update.php on line 30
[02-Mar-2022 03:33:10 UTC] PHP Notice:  Undefined variable: Phone in C:\phpscripts\318 Nutrirtion\PHP Scripts\Update.php on line 31
[02-Mar-2022 03:33:10 UTC] PHP Notice:  Undefined variable: Email in C:\phpscripts\318 Nutrirtion\PHP Scripts\Update.php on line 32
[02-Mar-2022 03:33:10 UTC] PHP Notice:  Undefined variable: Password in C:\phpscripts\318 Nutrirtion\PHP Scripts\Update.php on line 33
[02-Mar-2022 03:37:04 UTC] PHP Notice:  Undefined variable: row in C:\phpscripts\318 Nutrirtion\PHP Scripts\Update.php on line 29
[02-Mar-2022 03:37:04 UTC] PHP Notice:  Trying to access array offset on value of type null in C:\phpscripts\318 Nutrirtion\PHP Scripts\Update.php on line 29
[02-Mar-2022 03:37:04 UTC] PHP Notice:  Undefined variable: Lname in C:\phpscripts\318 Nutrirtion\PHP Scripts\Update.php on line 30
[02-Mar-2022 03:37:04 UTC] PHP Notice:  Undefined variable: Phone in C:\phpscripts\318 Nutrirtion\PHP Scripts\Update.php on line 31
[02-Mar-2022 03:37:04 UTC] PHP Notice:  Undefined variable: Email in C:\phpscripts\318 Nutrirtion\PHP Scripts\Update.php on line 32
[02-Mar-2022 03:37:04 UTC] PHP Notice:  Undefined variable: Password in C:\phpscripts\318 Nutrirtion\PHP Scripts\Update.php on line 33
[02-Mar-2022 03:39:02 UTC] PHP Parse error:  syntax error, unexpected 'FormStart' (T_STRING) in C:\phpscripts\318 Nutrirtion\PHP Scripts\Update.php on line 28
[02-Mar-2022 03:40:33 UTC] PHP Notice:  Undefined variable: row in C:\phpscripts\318 Nutrirtion\PHP Scripts\Update.php on line 27
[02-Mar-2022 03:40:33 UTC] PHP Notice:  Trying to access array offset on value of type null in C:\phpscripts\318 Nutrirtion\PHP Scripts\Update.php on line 27
[02-Mar-2022 03:40:33 UTC] PHP Notice:  Undefined variable: row in C:\phpscripts\318 Nutrirtion\PHP Scripts\Update.php on line 30
[02-Mar-2022 03:40:33 UTC] PHP Notice:  Trying to access array offset on value of type null in C:\phpscripts\318 Nutrirtion\PHP Scripts\Update.php on line 30
[02-Mar-2022 03:40:33 UTC] PHP Notice:  Undefined variable: Lname in C:\phpscripts\318 Nutrirtion\PHP Scripts\Update.php on line 31
[02-Mar-2022 03:40:33 UTC] PHP Notice:  Undefined variable: Phone in C:\phpscripts\318 Nutrirtion\PHP Scripts\Update.php on line 32
[02-Mar-2022 03:40:33 UTC] PHP Notice:  Undefined variable: Email in C:\phpscripts\318 Nutrirtion\PHP Scripts\Update.php on line 33
[02-Mar-2022 03:40:33 UTC] PHP Notice:  Undefined variable: Password in C:\phpscripts\318 Nutrirtion\PHP Scripts\Update.php on line 34
[02-Mar-2022 03:41:27 UTC] PHP Notice:  Undefined variable: ACC_ID in C:\phpscripts\318 Nutrirtion\PHP Scripts\Update.php on line 27
[02-Mar-2022 03:41:27 UTC] PHP Notice:  Undefined index: Fname in C:\phpscripts\318 Nutrirtion\PHP Scripts\Update.php on line 30
[02-Mar-2022 03:41:27 UTC] PHP Notice:  Undefined variable: Lname in C:\phpscripts\318 Nutrirtion\PHP Scripts\Update.php on line 31
[02-Mar-2022 03:41:27 UTC] PHP Notice:  Undefined variable: Phone in C:\phpscripts\318 Nutrirtion\PHP Scripts\Update.php on line 32
[02-Mar-2022 03:41:27 UTC] PHP Notice:  Undefined variable: Email in C:\phpscripts\318 Nutrirtion\PHP Scripts\Update.php on line 33
[02-Mar-2022 03:41:27 UTC] PHP Notice:  Undefined variable: Password in C:\phpscripts\318 Nutrirtion\PHP Scripts\Update.php on line 34
[02-Mar-2022 03:42:15 UTC] PHP Notice:  Undefined variable: ACC_ID in C:\phpscripts\318 Nutrirtion\PHP Scripts\Update.php on line 27
[02-Mar-2022 03:42:15 UTC] PHP Notice:  Undefined variable: Lname in C:\phpscripts\318 Nutrirtion\PHP Scripts\Update.php on line 31
[02-Mar-2022 03:42:15 UTC] PHP Notice:  Undefined variable: Phone in C:\phpscripts\318 Nutrirtion\PHP Scripts\Update.php on line 32
[02-Mar-2022 03:42:15 UTC] PHP Notice:  Undefined variable: Email in C:\phpscripts\318 Nutrirtion\PHP Scripts\Update.php on line 33
[02-Mar-2022 03:42:16 UTC] PHP Notice:  Undefined variable: Password in C:\phpscripts\318 Nutrirtion\PHP Scripts\Update.php on line 34
[02-Mar-2022 03:42:53 UTC] PHP Notice:  Undefined variable: Fname in C:\phpscripts\318 Nutrirtion\PHP Scripts\Update.php on line 27
[02-Mar-2022 03:42:53 UTC] PHP Notice:  Undefined variable: Lname in C:\phpscripts\318 Nutrirtion\PHP Scripts\Update.php on line 31
[02-Mar-2022 03:42:53 UTC] PHP Notice:  Undefined variable: Phone in C:\phpscripts\318 Nutrirtion\PHP Scripts\Update.php on line 32
[02-Mar-2022 03:42:53 UTC] PHP Notice:  Undefined variable: Email in C:\phpscripts\318 Nutrirtion\PHP Scripts\Update.php on line 33
[02-Mar-2022 03:42:53 UTC] PHP Notice:  Undefined variable: Password in C:\phpscripts\318 Nutrirtion\PHP Scripts\Update.php on line 34
